<?xml version="1.0" encoding="UTF-8"?>
<!-- Generated by org.testng.reporters.JUnitReportReporter -->
<testsuite skipped="0" hostname="FA054488" name="RingCentral.QATest.ApiTests" tests="1" failures="0" timestamp="2021-08-04T16:30:56 IST" time="0.005" errors="0">
  <testcase name="secondtest" time="0.005" classname="RingCentral.QATest.ApiTests"/>
  <system-out/>
</testsuite> <!-- RingCentral.QATest.ApiTests -->
