<?xml version="1.0" encoding="UTF-8"?>
<!-- Generated by org.testng.reporters.JUnitReportReporter -->
<testsuite skipped="0" hostname="FA054488" name="RingCentral.QATest.Test2" tests="2" failures="0" timestamp="2021-08-07T11:57:08 IST" time="0.025" errors="0">
  <testcase name="thirdtest" time="0.016" classname="RingCentral.QATest.Test2"/>
  <system-out/>
  <testcase name="thirdtest" time="0.009" classname="RingCentral.QATest.Test2"/>
  <system-out/>
</testsuite> <!-- RingCentral.QATest.Test2 -->
